<?xml version="1.0" encoding="UTF-8"?>
<testng-results ignored="0" total="1" passed="1" failed="0" skipped="0">
  <reporter-output>
  </reporter-output>
  <suite started-at="2023-10-06T15:39:36 IST" name="Default suite" finished-at="2023-10-06T15:39:45 IST" duration-ms="8856">
    <groups>
    </groups>
    <test started-at="2023-10-06T15:39:36 IST" name="Default test" finished-at="2023-10-06T15:39:45 IST" duration-ms="8856">
      <class name="Sample.testng">
        <test-method signature="testng()[pri:0, instance:Sample.testng@6ae5aa72]" started-at="2023-10-06T15:39:36 IST" name="testng" finished-at="2023-10-06T15:39:45 IST" duration-ms="8765" status="PASS">
          <reporter-output>
          </reporter-output>
        </test-method> <!-- testng -->
      </class> <!-- Sample.testng -->
    </test> <!-- Default test -->
  </suite> <!-- Default suite -->
</testng-results>
